<?xml version="1.0" encoding="UTF-8"?>
<!-- Generated by org.testng.reporters.JUnitXMLReporter -->
<testsuite ignored="0" hostname="Allans-MacBook-Pro.local" failures="0" tests="4" name="Surefire test" time="54.984" errors="0" timestamp="20 Jun 2022 02:48:13 GMT">
  <testcase classname="TestCases.TESTCASE1_Login" name="main on main(TestCases.TESTCASE1_Login)" time="12.228"/>
  <testcase classname="TestCases.TESTCASE2_NavigateTo7DaysFreeTrial" name="main on main(TestCases.TESTCASE2_NavigateTo7DaysFreeTrial)" time="25.674"/>
  <testcase classname="TestCases.TESTCASE3_MyProfile" name="main on main(TestCases.TESTCASE3_MyProfile)" time="42.919"/>
  <testcase classname="TestCases.TESTCASE4_SeachForKeyword" name="main on main(TestCases.TESTCASE4_SeachForKeyword)" time="54.779"/>
</testsuite> <!-- Surefire test -->
