<?xml version="1.0" encoding="UTF-8"?>
<testng-results ignored="0" total="4" passed="4" failed="0" skipped="0">
  <reporter-output>
  </reporter-output>
  <suite started-at="2022-06-20T02:47:18Z" name="Surefire suite" finished-at="2022-06-20T02:48:12Z" duration-ms="54984">
    <groups>
    </groups>
    <test started-at="2022-06-20T02:47:18Z" name="Surefire test" finished-at="2022-06-20T02:48:12Z" duration-ms="54984">
      <class name="TestCases.TESTCASE3_MyProfile">
        <test-method signature="main() throws java.io.IOException" started-at="2022-06-20T02:47:18Z" name="main" finished-at="2022-06-20T02:48:01Z" duration-ms="42919" status="PASS">
          <reporter-output>
          </reporter-output>
        </test-method> <!-- main -->
      </class> <!-- TestCases.TESTCASE3_MyProfile -->
      <class name="TestCases.TESTCASE1_Login">
        <test-method signature="main() throws java.io.IOException" started-at="2022-06-20T02:47:18Z" name="main" finished-at="2022-06-20T02:47:30Z" duration-ms="12228" status="PASS">
          <reporter-output>
          </reporter-output>
        </test-method> <!-- main -->
      </class> <!-- TestCases.TESTCASE1_Login -->
      <class name="TestCases.TESTCASE2_NavigateTo7DaysFreeTrial">
        <test-method signature="main() throws java.io.IOException" started-at="2022-06-20T02:47:18Z" name="main" finished-at="2022-06-20T02:47:43Z" duration-ms="25674" status="PASS">
          <reporter-output>
          </reporter-output>
        </test-method> <!-- main -->
      </class> <!-- TestCases.TESTCASE2_NavigateTo7DaysFreeTrial -->
      <class name="TestCases.TESTCASE4_SeachForKeyword">
        <test-method signature="main() throws java.io.IOException,java.lang.InterruptedException" started-at="2022-06-20T02:47:18Z" name="main" finished-at="2022-06-20T02:48:12Z" duration-ms="54779" status="PASS">
          <reporter-output>
          </reporter-output>
        </test-method> <!-- main -->
      </class> <!-- TestCases.TESTCASE4_SeachForKeyword -->
    </test> <!-- Surefire test -->
  </suite> <!-- Surefire suite -->
</testng-results>
